# JRE version: OpenJDK Runtime Environment (8.0_242-b01) (build 1.8.0_242-release-1644-b01)
# Java VM: OpenJDK 64-Bit Server VM (25.242-b01 mixed mode windows-amd64 compressed oops)
Heap:
 PSYoungGen      total 293376K, used 272748K [0x00000000e0000000, 0x00000000f7a00000, 0x0000000100000000)
  eden space 255488K, 91% used [0x00000000e0000000,0x00000000ee55d258,0x00000000ef980000)
  from space 37888K, 99% used [0x00000000f3200000,0x00000000f56fe140,0x00000000f5700000)
  to   space 57856K, 0% used [0x00000000ef980000,0x00000000ef980000,0x00000000f3200000)
 ParOldGen       total 209408K, used 97617K [0x00000000a0000000, 0x00000000acc80000, 0x00000000e0000000)
  object space 209408K, 46% used [0x00000000a0000000,0x00000000a5f547b8,0x00000000acc80000)
 Metaspace       used 89179K, capacity 95752K, committed 96024K, reserved 1132544K
  class space    used 12033K, capacity 13322K, committed 13352K, reserved 1048576K
GC Heap History (10 events):
Event: 23.806 GC heap before
{Heap before GC invocations=13 (full 3):
 PSYoungGen      total 217600K, used 16883K [0x00000000e0000000, 0x00000000f0c00000, 0x0000000100000000)
  eden space 200704K, 0% used [0x00000000e0000000,0x00000000e0000000,0x00000000ec400000)
  from space 16896K, 99% used [0x00000000ed880000,0x00000000ee8fcd78,0x00000000ee900000)
  to   space 20992K, 0% used [0x00000000ec400000,0x00000000ec400000,0x00000000ed880000)
 ParOldGen       total 139264K, used 27827K [0x00000000a0000000, 0x00000000a8800000, 0x00000000e0000000)
  object space 139264K, 19% used [0x00000000a0000000,0x00000000a1b2cf20,0x00000000a8800000)
 Metaspace       used 56264K, capacity 59138K, committed 59160K, reserved 1099776K
  class space    used 7618K, capacity 8222K, committed 8232K, reserved 1048576K
Event: 24.263 GC heap after
Heap after GC invocations=13 (full 3):
 PSYoungGen      total 217600K, used 0K [0x00000000e0000000, 0x00000000f0c00000, 0x0000000100000000)
  eden space 200704K, 0% used [0x00000000e0000000,0x00000000e0000000,0x00000000ec400000)
  from space 16896K, 0% used [0x00000000ed880000,0x00000000ed880000,0x00000000ee900000)
  to   space 20992K, 0% used [0x00000000ec400000,0x00000000ec400000,0x00000000ed880000)
 ParOldGen       total 209408K, used 36520K [0x00000000a0000000, 0x00000000acc80000, 0x00000000e0000000)
  object space 209408K, 17% used [0x00000000a0000000,0x00000000a23aa278,0x00000000acc80000)
 Metaspace       used 56264K, capacity 59138K, committed 59160K, reserved 1099776K
  class space    used 7618K, capacity 8222K, committed 8232K, reserved 1048576K
}
Event: 31.168 GC heap before
{Heap before GC invocations=14 (full 3):
 PSYoungGen      total 217600K, used 200704K [0x00000000e0000000, 0x00000000f0c00000, 0x0000000100000000)
  eden space 200704K, 100% used [0x00000000e0000000,0x00000000ec400000,0x00000000ec400000)
  from space 16896K, 0% used [0x00000000ed880000,0x00000000ed880000,0x00000000ee900000)
  to   space 20992K, 0% used [0x00000000ec400000,0x00000000ec400000,0x00000000ed880000)
 ParOldGen       total 209408K, used 36520K [0x00000000a0000000, 0x00000000acc80000, 0x00000000e0000000)
  object space 209408K, 17% used [0x00000000a0000000,0x00000000a23aa278,0x00000000acc80000)
 Metaspace       used 64913K, capacity 68474K, committed 68632K, reserved 1107968K
  class space    used 8897K, capacity 9657K, committed 9768K, reserved 1048576K
Event: 31.199 GC heap after
Heap after GC invocations=14 (full 3):
 PSYoungGen      total 221696K, used 18614K [0x00000000e0000000, 0x00000000f1880000, 0x0000000100000000)
  eden space 200704K, 0% used [0x00000000e0000000,0x00000000e0000000,0x00000000ec400000)
  from space 20992K, 88% used [0x00000000ec400000,0x00000000ed62d918,0x00000000ed880000)
  to   space 22528K, 0% used [0x00000000f0280000,0x00000000f0280000,0x00000000f1880000)
 ParOldGen       total 209408K, used 36592K [0x00000000a0000000, 0x00000000acc80000, 0x00000000e0000000)
  object space 209408K, 17% used [0x00000000a0000000,0x00000000a23bc288,0x00000000acc80000)
 Metaspace       used 64913K, capacity 68474K, committed 68632K, reserved 1107968K
  class space    used 8897K, capacity 9657K, committed 9768K, reserved 1048576K
}
Event: 38.439 GC heap before
{Heap before GC invocations=15 (full 3):
 PSYoungGen      total 221696K, used 219318K [0x00000000e0000000, 0x00000000f1880000, 0x0000000100000000)
  eden space 200704K, 100% used [0x00000000e0000000,0x00000000ec400000,0x00000000ec400000)
  from space 20992K, 88% used [0x00000000ec400000,0x00000000ed62d918,0x00000000ed880000)
  to   space 22528K, 0% used [0x00000000f0280000,0x00000000f0280000,0x00000000f1880000)
 ParOldGen       total 209408K, used 36592K [0x00000000a0000000, 0x00000000acc80000, 0x00000000e0000000)
  object space 209408K, 17% used [0x00000000a0000000,0x00000000a23bc288,0x00000000acc80000)
 Metaspace       used 74219K, capacity 78400K, committed 78744K, reserved 1116160K
  class space    used 10251K, capacity 11058K, committed 11176K, reserved 1048576K
Event: 38.499 GC heap after
Heap after GC invocations=15 (full 3):
 PSYoungGen      total 259584K, used 22522K [0x00000000e0000000, 0x00000000f2000000, 0x0000000100000000)
  eden space 237056K, 0% used [0x00000000e0000000,0x00000000e0000000,0x00000000ee780000)
  from space 22528K, 99% used [0x00000000f0280000,0x00000000f187eae0,0x00000000f1880000)
  to   space 27648K, 0% used [0x00000000ee780000,0x00000000ee780000,0x00000000f0280000)
 ParOldGen       total 209408K, used 41996K [0x00000000a0000000, 0x00000000acc80000, 0x00000000e0000000)
  object space 209408K, 20% used [0x00000000a0000000,0x00000000a2903070,0x00000000acc80000)
 Metaspace       used 74219K, capacity 78400K, committed 78744K, reserved 1116160K
  class space    used 10251K, capacity 11058K, committed 11176K, reserved 1048576K
}
Event: 205.339 GC heap before
{Heap before GC invocations=16 (full 3):
 PSYoungGen      total 259584K, used 259301K [0x00000000e0000000, 0x00000000f2000000, 0x0000000100000000)
  eden space 237056K, 99% used [0x00000000e0000000,0x00000000ee73aab8,0x00000000ee780000)
  from space 22528K, 99% used [0x00000000f0280000,0x00000000f187eae0,0x00000000f1880000)
  to   space 27648K, 0% used [0x00000000ee780000,0x00000000ee780000,0x00000000f0280000)
 ParOldGen       total 209408K, used 41996K [0x00000000a0000000, 0x00000000acc80000, 0x00000000e0000000)
  object space 209408K, 20% used [0x00000000a0000000,0x00000000a2903070,0x00000000acc80000)
 Metaspace       used 84236K, capacity 90102K, committed 90392K, reserved 1126400K
  class space    used 11325K, capacity 12478K, committed 12584K, reserved 1048576K
Event: 205.581 GC heap after
Heap after GC invocations=16 (full 3):
 PSYoungGen      total 264704K, used 27633K [0x00000000e0000000, 0x00000000f5700000, 0x0000000100000000)
  eden space 237056K, 0% used [0x00000000e0000000,0x00000000e0000000,0x00000000ee780000)
  from space 27648K, 99% used [0x00000000ee780000,0x00000000f027c698,0x00000000f0280000)
  to   space 37888K, 0% used [0x00000000f3200000,0x00000000f3200000,0x00000000f5700000)
 ParOldGen       total 209408K, used 59703K [0x00000000a0000000, 0x00000000acc80000, 0x00000000e0000000)
  object space 209408K, 28% used [0x00000000a0000000,0x00000000a3a4de98,0x00000000acc80000)
 Metaspace       used 84236K, capacity 90102K, committed 90392K, reserved 1126400K
  class space    used 11325K, capacity 12478K, committed 12584K, reserved 1048576K
}
Event: 262.117 GC heap before
{Heap before GC invocations=17 (full 3):
 PSYoungGen      total 264704K, used 257815K [0x00000000e0000000, 0x00000000f5700000, 0x0000000100000000)
  eden space 237056K, 97% used [0x00000000e0000000,0x00000000ee0c9908,0x00000000ee780000)
  from space 27648K, 99% used [0x00000000ee780000,0x00000000f027c698,0x00000000f0280000)
  to   space 37888K, 0% used [0x00000000f3200000,0x00000000f3200000,0x00000000f5700000)
 ParOldGen       total 209408K, used 59703K [0x00000000a0000000, 0x00000000acc80000, 0x00000000e0000000)
  object space 209408K, 28% used [0x00000000a0000000,0x00000000a3a4de98,0x00000000acc80000)
 Metaspace       used 87968K, capacity 94250K, committed 94488K, reserved 1130496K
  class space    used 11855K, capacity 13067K, committed 13096K, reserved 1048576K
Event: 262.318 GC heap after
Heap after GC invocations=17 (full 3):
 PSYoungGen      total 293376K, used 37880K [0x00000000e0000000, 0x00000000f7a00000, 0x0000000100000000)
  eden space 255488K, 0% used [0x00000000e0000000,0x00000000e0000000,0x00000000ef980000)
  from space 37888K, 99% used [0x00000000f3200000,0x00000000f56fe140,0x00000000f5700000)
  to   space 57856K, 0% used [0x00000000ef980000,0x00000000ef980000,0x00000000f3200000)
 ParOldGen       total 209408K, used 97617K [0x00000000a0000000, 0x00000000acc80000, 0x00000000e0000000)
  object space 209408K, 46% used [0x00000000a0000000,0x00000000a5f547b8,0x00000000acc80000)
 Metaspace       used 87968K, capacity 94250K, committed 94488K, reserved 1130496K
  class space    used 11855K, capacity 13067K, committed 13096K, reserved 1048576K
}

